<?xml version="1.0" encoding="UTF-8"?>
<!-- Generated by org.testng.reporters.JUnitReportReporter -->
<testsuite hostname="LAPTOP-V61EUTJ1" failures="0" tests="1" name="Activities.Activity1" time="6.609" errors="0" timestamp="2022-05-18T13:02:13 IST" skipped="0">
  <testcase classname="Activities.Activity1" name="homepageTest" time="6.609"/>
  <system-out/>
</testsuite> <!-- Activities.Activity1 -->
